<?xml version="1.0" encoding="UTF-8"?>
<testng-results ignored="0" total="1" passed="1" failed="0" skipped="0">
  <reporter-output>
  </reporter-output>
  <suite started-at="2022-08-14T20:24:56 EDT" name="Default suite" finished-at="2022-08-14T20:25:03 EDT" duration-ms="7171">
    <groups>
    </groups>
    <test started-at="2022-08-14T20:24:56 EDT" name="Default test" finished-at="2022-08-14T20:25:03 EDT" duration-ms="7171">
      <class name="testCases.MainPageTest">
        <test-method signature="verifylogin()[pri:0, instance:testCases.MainPageTest@23c30a20]" started-at="2022-08-14T20:24:56 EDT" name="verifylogin" finished-at="2022-08-14T20:25:03 EDT" duration-ms="7143" status="PASS">
          <reporter-output>
          </reporter-output>
        </test-method> <!-- verifylogin -->
      </class> <!-- testCases.MainPageTest -->
    </test> <!-- Default test -->
  </suite> <!-- Default suite -->
</testng-results>
